c:\opengl\openglyt\dolphin\dolphin\x64\debug\vc143.pdb
c:\opengl\openglyt\dolphin\dolphin\x64\debug\vc143.idb
c:\opengl\openglyt\dolphin\dolphin\x64\debug\vbo.obj
c:\opengl\openglyt\dolphin\dolphin\x64\debug\vao.obj
c:\opengl\openglyt\dolphin\dolphin\x64\debug\utilities.obj
c:\opengl\openglyt\dolphin\dolphin\x64\debug\texture.obj
c:\opengl\openglyt\dolphin\dolphin\x64\debug\stb_image.obj
c:\opengl\openglyt\dolphin\dolphin\x64\debug\shaderprogram.obj
c:\opengl\openglyt\dolphin\dolphin\x64\debug\model.obj
c:\opengl\openglyt\dolphin\dolphin\x64\debug\mesh.obj
c:\opengl\openglyt\dolphin\dolphin\x64\debug\main.obj
c:\opengl\openglyt\dolphin\dolphin\x64\debug\ebo.obj
c:\opengl\openglyt\dolphin\dolphin\x64\debug\camera.obj
c:\opengl\openglyt\dolphin\dolphin\x64\debug\dolphin.ilk
c:\opengl\openglyt\dolphin\x64\debug\dolphin.pdb
c:\opengl\openglyt\dolphin\x64\debug\dolphin.exe
c:\opengl\openglyt\dolphin\dolphin\x64\debug\dolphin.tlog\cl.command.1.tlog
c:\opengl\openglyt\dolphin\dolphin\x64\debug\dolphin.tlog\cl.items.tlog
c:\opengl\openglyt\dolphin\dolphin\x64\debug\dolphin.tlog\cl.read.1.tlog
c:\opengl\openglyt\dolphin\dolphin\x64\debug\dolphin.tlog\cl.write.1.tlog
c:\opengl\openglyt\dolphin\dolphin\x64\debug\dolphin.tlog\link.command.1.tlog
c:\opengl\openglyt\dolphin\dolphin\x64\debug\dolphin.tlog\link.read.1.tlog
c:\opengl\openglyt\dolphin\dolphin\x64\debug\dolphin.tlog\link.write.1.tlog
